build/app/outputs/mapping/release/seeds.txt
com.example.wheather_situation.MainActivity
com.example.wheather_situation.MainActivity: MainActivity()
...
com.dexterous.flutterlocalnotifications.FlutterLocalNotificationsPlugin: java.lang.String GET_ACTIVE_NOTIFICATIONS_METHOD
kotlinx.coroutines.scheduling.WorkQueue: java.lang.Object lastScheduledTask
androidx.lifecycle.ProcessLifecycleOwner$attach$1$onActivityPreCreated$1: androidx.lifecycle.ProcessLifecycleOwner this$0
io.flutter.embedding.engine.FlutterJNI: float displayHeight
com.dexterous.flutterlocalnotifications.models.NotificationDetails: java.lang.Boolean setAsGroupSummary
io.flutter.embedding.engine.mutatorsstack.FlutterMutatorsStack: android.graphics.Matrix finalMatrix
com.dexterous.flutterlocalnotifications.models.NotificationChannelGroupDetails: java.lang.String description
com.google.android.gms.location.LocationAvailability: android.os.Parcelable$Creator CREATOR
com.dexterous.flutterlocalnotifications.models.NotificationDetails: long[] vibrationPattern
com.dexterous.flutterlocalnotifications.models.styles.BigPictureStyleInformation: com.dexterous.flutterlocalnotifications.models.BitmapSource bigPictureBitmapSource
com.dexterous.flutterlocalnotifications.FlutterLocalNotificationsPlugin: java.lang.String PAYLOAD
com.dexterous.flutterlocalnotifications.FlutterLocalNotificationsPlugin: boolean permissionRequestInProgress
com.dexterous.flutterlocalnotifications.models.NotificationDetails: java.lang.Boolean autoCancel
com.dexterous.flutterlocalnotifications.models.NotificationChannelDetails: long[] vibrationPattern
kotlinx.coroutines.internal.Segment: int cleanedAndPointers
com.dexterous.flutterlocalnotifications.models.NotificationAction: java.lang.String TITLE
io.flutter.view.FlutterCallbackInformation: java.lang.String callbackName
com.dexterous.flutterlocalnotifications.models.Time: java.lang.Integer hour
io.flutter.embedding.engine.renderer.FlutterRenderer$ImageReaderSurfaceProducer: boolean CLEANUP_ON_MEMORY_PRESSURE
com.dexterous.flutterlocalnotifications.models.NotificationChannelDetails: java.lang.String SOUND_SOURCE
com.dexterous.flutterlocalnotifications.models.NotificationDetails: java.lang.String AUDIO_ATTRIBUTES_USAGE
com.dexterous.flutterlocalnotifications.models.NotificationDetails: java.lang.String VIBRATION_PATTERN
com.dexterous.flutterlocalnotifications.models.NotificationChannelDetails: java.lang.String sound
com.google.android.material.bottomsheet.BottomSheetBehavior$SavedState: android.os.Parcelable$Creator CREATOR
kotlinx.coroutines.internal.ConcurrentLinkedListNode: java.lang.Object _prev
androidx.datastore.preferences.PreferencesProto$Value: int STRING_SET_FIELD_NUMBER
com.dexterous.flutterlocalnotifications.models.NotificationStyle: com.dexterous.flutterlocalnotifications.models.NotificationStyle Media
kotlinx.coroutines.DispatchedCoroutine: int _decision
com.google.android.gms.location.LastLocationRequest: android.os.Parcelable$Creator CREATOR
com.dexterous.flutterlocalnotifications.models.NotificationChannelDetails: java.lang.String LED_COLOR_GREEN
io.flutter.plugin.editing.ImeSyncDeferringInsetsCallback: android.view.WindowInsets lastWindowInsets
com.dexterous.flutterlocalnotifications.models.Time: java.lang.Integer second
com.google.android.gms.common.internal.zzk: android.os.Parcelable$Creator CREATOR
com.dexterous.flutterlocalnotifications.models.NotificationDetails: java.lang.String MESSAGES
androidx.customview.view.AbsSavedState: android.os.Parcelable$Creator CREATOR
com.dexterous.flutterlocalnotifications.models.ScheduleMode: com.dexterous.flutterlocalnotifications.models.ScheduleMode alarmClock
com.dexterous.flutterlocalnotifications.models.BitmapSource: com.dexterous.flutterlocalnotifications.models.BitmapSource FilePath
com.dexterous.flutterlocalnotifications.models.NotificationDetails: java.lang.String REPEAT_TIME
kotlinx.coroutines.JobSupport$Finishing: int _isCompleting
com.dexterous.flutterlocalnotifications.models.PersonDetails: java.lang.Object icon
com.google.android.gms.internal.location.zzeg: android.os.Parcelable$Creator CREATOR