build/app/outputs/mapping/release/mapping.txt
# compiler: R8
# compiler_version: 8.1.56
# min_api: 21
# common_typos_disable
# {"id":"com.android.tools.r8.mapping","version":"2.2"}
# pg_map_id: dfa57df
# pg_map_hash: SHA-256 dfa57df9e99f5235805899105852c146d48af518c36ac0ac2b954625f4fe45cb
...
kotlinx.coroutines.CompletableDeferredKt -> m5.x:
    1:1:kotlinx.coroutines.CompletableDeferred CompletableDeferred(kotlinx.coroutines.Job):0:0 -> a
      # {"id":"com.android.tools.r8.residualsignature","signature":"(Lm5/q1;)Lm5/v;"}
    1:1:kotlinx.coroutines.CompletableDeferred CompletableDeferred$default(kotlinx.coroutines.Job,int,java.lang.Object):0:0 -> b
      # {"id":"com.android.tools.r8.residualsignature","signature":"(Lm5/q1;ILjava/lang/Object;)Lm5/v;"}
    1:1:boolean completeWith(kotlinx.coroutines.CompletableDeferred,java.lang.Object):0:0 -> c
      # {"id":"com.android.tools.r8.residualsignature","signature":"(Lm5/v;Ljava/lang/Object;)Z"}
kotlinx.coroutines.CompletableJob -> m5.y:
kotlinx.coroutines.CompletedContinuation -> m5.z:
    java.lang.Object result -> a
    kotlinx.coroutines.CancelHandler cancelHandler -> b
    kotlin.jvm.functions.Function1 onCancellation -> c
    java.lang.Object idempotentResume -> d
    java.lang.Throwable cancelCause -> e
    1:1:void <init>(java.lang.Object,kotlinx.coroutines.CancelHandler,kotlin.jvm.functions.Function1,java.lang.Object,java.lang.Throwable):0:0 -> <init>
      # {"id":"com.android.tools.r8.residualsignature","signature":"(Ljava/lang/Object;Lm5/k;Lc5/l;Ljava/lang/Object;Ljava/lang/Throwable;)V"}
    2:2:void <init>(java.lang.Object,kotlinx.coroutines.CancelHandler,kotlin.jvm.functions.Function1,java.lang.Object,java.lang.Throwable,int,kotlin.jvm.internal.DefaultConstructorMarker):0:0 -> <init>
      # {"id":"com.android.tools.r8.residualsignature","signature":"(Ljava/lang/Object;Lm5/k;Lc5/l;Ljava/lang/Object;Ljava/lang/Throwable;ILd5/g;)V"}
    1:1:kotlinx.coroutines.CompletedContinuation copy(java.lang.Object,kotlinx.coroutines.CancelHandler,kotlin.jvm.functions.Function1,java.lang.Object,java.lang.Throwable):0:0 -> a
      # {"id":"com.android.tools.r8.residualsignature","signature":"(Ljava/lang/Object;Lm5/k;Lc5/l;Ljava/lang/Object;Ljava/lang/Throwable;)Lm5/z;"}
kotlinx.coroutines.CompletedExceptionally -> m5.a0:
    java.lang.Throwable cause -> a
    java.util.concurrent.atomic.AtomicIntegerFieldUpdater _handled$FU -> b
    1:1:void <clinit>():0:0 -> <clinit>
    1:1:void <init>(java.lang.Throwable,boolean):0:0 -> <init>
    2:2:void <init>(java.lang.Throwable,boolean,int,kotlin.jvm.internal.DefaultConstructorMarker):0:0 -> <init>
      # {"id":"com.android.tools.r8.residualsignature","signature":"(Ljava/lang/Throwable;ZILd5/g;)V"}
    1:1:boolean getHandled():0:0 -> a
    1:1:boolean makeHandled():0:0 -> b
    1:1:java.lang.String toString():0:0 -> toString
kotlinx.coroutines.CompletedWithCancellation -> m5.b0:
    java.lang.Object result -> a
    kotlin.jvm.functions.Function1 onCancellation -> b
    1:1:void <init>(java.lang.Object,kotlin.jvm.functions.Function1):0:0 -> <init>
      # {"id":"com.android.tools.r8.residualsignature","signature":"(Ljava/lang/Object;Lc5/l;)V"}
    1:1:boolean equals(java.lang.Object):0:0 -> equals
    1:1:int hashCode():0:0 -> hashCode
    1:1:java.lang.String toString():0:0 -> toString
kotlinx.coroutines.CompletionHandlerBase -> m5.c0:
    void <init>() -> <init>
    void invoke(java.lang.Throwable) -> y
kotlinx.coroutines.CompletionHandlerException -> m5.d0:
    1:1:void <init>(java.lang.String,java.lang.Throwable):0:0 -> <init>