build/app/outputs/mapping/release/usage.txt
com.example.wheather_situation.R$drawable
com.example.wheather_situation.R$mipmap
com.example.wheather_situation.R$style
com.example.wheather_situation.R
...
com.google.android.material.navigation.NavigationBarItemView$ActiveIndicatorTransform
com.google.android.material.navigation.NavigationBarItemView$ActiveIndicatorUnlabeledTransform
com.google.android.material.navigation.NavigationBarItemView
com.google.android.material.navigation.NavigationBarMenu
com.google.android.material.navigation.NavigationBarMenuView$1
com.google.android.material.navigation.NavigationBarMenuView
com.google.android.material.navigation.NavigationBarPresenter$SavedState$1
com.google.android.material.navigation.NavigationBarPresenter$SavedState
com.google.android.material.navigation.NavigationBarPresenter
com.google.android.material.navigation.NavigationBarView$1
com.google.android.material.navigation.NavigationBarView$LabelVisibility
com.google.android.material.navigation.NavigationBarView$OnItemReselectedListener
com.google.android.material.navigation.NavigationBarView$OnItemSelectedListener
com.google.android.material.navigation.NavigationBarView$SavedState$1
com.google.android.material.navigation.NavigationBarView$SavedState
com.google.android.material.navigation.NavigationBarView
com.google.android.material.navigation.NavigationView$1
com.google.android.material.navigation.NavigationView$2
com.google.android.material.navigation.NavigationView$3
com.google.android.material.navigation.NavigationView$OnNavigationItemSelectedListener
com.google.android.material.navigation.NavigationView$SavedState$1
com.google.android.material.navigation.NavigationView$SavedState
com.google.android.material.navigation.NavigationView
com.google.android.material.navigationrail.NavigationRailItemView
com.google.android.material.navigationrail.NavigationRailMenuView
com.google.android.material.navigationrail.NavigationRailView$1
com.google.android.material.navigationrail.NavigationRailView
com.google.android.material.progressindicator.AnimatorDurationScaleProvider
com.google.android.material.progressindicator.BaseProgressIndicator$1
com.google.android.material.progressindicator.BaseProgressIndicator$2
com.google.android.material.progressindicator.BaseProgressIndicator$3
com.google.android.material.progressindicator.BaseProgressIndicator$4
com.google.android.material.progressindicator.BaseProgressIndicator$HideAnimationBehavior
com.google.android.material.progressindicator.BaseProgressIndicator$ShowAnimationBehavior
com.google.android.material.progressindicator.BaseProgressIndicator
com.google.android.material.progressindicator.BaseProgressIndicatorSpec
com.google.android.material.progressindicator.CircularDrawingDelegate
com.google.android.material.progressindicator.CircularIndeterminateAnimatorDelegate$1
com.google.android.material.progressindicator.CircularIndeterminateAnimatorDelegate$2
com.google.android.material.progressindicator.CircularIndeterminateAnimatorDelegate$3
com.google.android.material.progressindicator.CircularIndeterminateAnimatorDelegate$4
com.google.android.material.progressindicator.CircularIndeterminateAnimatorDelegate
com.google.android.material.progressindicator.CircularProgressIndicator$IndicatorDirection
com.google.android.material.progressindicator.CircularProgressIndicator
com.google.android.material.progressindicator.CircularProgressIndicatorSpec
com.google.android.material.progressindicator.DeterminateDrawable$1
com.google.android.material.progressindicator.DeterminateDrawable
com.google.android.material.progressindicator.DrawableWithAnimatedVisibilityChange$1
com.google.android.material.progressindicator.DrawableWithAnimatedVisibilityChange$2
com.google.android.material.progressindicator.DrawableWithAnimatedVisibilityChange$3
com.google.android.material.progressindicator.DrawableWithAnimatedVisibilityChange
com.google.android.material.progressindicator.DrawingDelegate
com.google.android.material.progressindicator.IndeterminateAnimatorDelegate
com.google.android.material.progressindicator.IndeterminateDrawable
com.google.android.material.progressindicator.LinearDrawingDelegate